# JRE version: OpenJDK Runtime Environment (11.0.13) (build 11.0.13+0-b1751.21-8125866)
# Java VM: OpenJDK 64-Bit Server VM (11.0.13+0-b1751.21-8125866, mixed mode, tiered, compressed oops, g1 gc, windows-amd64)
Heap:
 garbage-first heap   total 118784K, used 26953K [0x00000000a1400000, 0x0000000100000000)
  region size 1024K, 5 young (5120K), 5 survivors (5120K)
 Metaspace       used 43035K, capacity 43540K, committed 43676K, reserved 1089536K
  class space    used 5156K, capacity 5333K, committed 5452K, reserved 1048576K
GC Heap History (9 events):
Event: 2.051 GC heap before
{Heap before GC invocations=0 (full 0):
 garbage-first heap   total 98304K, used 28672K [0x00000000a1400000, 0x0000000100000000)
  region size 1024K, 24 young (24576K), 0 survivors (0K)
 Metaspace       used 12325K, capacity 12458K, committed 12672K, reserved 1060864K
  class space    used 1105K, capacity 1149K, committed 1152K, reserved 1048576K
}
Event: 2.068 GC heap after
{Heap after GC invocations=1 (full 0):
 garbage-first heap   total 98304K, used 7542K [0x00000000a1400000, 0x0000000100000000)
  region size 1024K, 3 young (3072K), 3 survivors (3072K)
 Metaspace       used 12325K, capacity 12458K, committed 12672K, reserved 1060864K
  class space    used 1105K, capacity 1149K, committed 1152K, reserved 1048576K
}
Event: 4.372 GC heap before
{Heap before GC invocations=1 (full 0):
 garbage-first heap   total 98304K, used 44406K [0x00000000a1400000, 0x0000000100000000)
  region size 1024K, 40 young (40960K), 3 survivors (3072K)
 Metaspace       used 20897K, capacity 21088K, committed 21296K, reserved 1069056K
  class space    used 2202K, capacity 2309K, committed 2432K, reserved 1048576K
}
Event: 4.401 GC heap after
{Heap after GC invocations=2 (full 0):
 garbage-first heap   total 98304K, used 11129K [0x00000000a1400000, 0x0000000100000000)
  region size 1024K, 7 young (7168K), 7 survivors (7168K)
 Metaspace       used 20897K, capacity 21088K, committed 21296K, reserved 1069056K
  class space    used 2202K, capacity 2309K, committed 2432K, reserved 1048576K
}
Event: 7.093 GC heap before
{Heap before GC invocations=3 (full 0):
 garbage-first heap   total 98304K, used 56185K [0x00000000a1400000, 0x0000000100000000)
  region size 1024K, 47 young (48128K), 7 survivors (7168K)
 Metaspace       used 32250K, capacity 32732K, committed 32944K, reserved 1079296K
  class space    used 3845K, capacity 4038K, committed 4096K, reserved 1048576K
}
Event: 7.132 GC heap after
{Heap after GC invocations=4 (full 0):
 garbage-first heap   total 98304K, used 19032K [0x00000000a1400000, 0x0000000100000000)
  region size 1024K, 4 young (4096K), 4 survivors (4096K)
 Metaspace       used 32250K, capacity 32732K, committed 32944K, reserved 1079296K
  class space    used 3845K, capacity 4038K, committed 4096K, reserved 1048576K
}
Event: 8.064 GC heap before
{Heap before GC invocations=4 (full 0):
 garbage-first heap   total 98304K, used 39512K [0x00000000a1400000, 0x0000000100000000)
  region size 1024K, 23 young (23552K), 4 survivors (4096K)
 Metaspace       used 35409K, capacity 35846K, committed 35920K, reserved 1081344K
  class space    used 4406K, capacity 4584K, committed 4608K, reserved 1048576K
}
Event: 8.101 GC heap after
{Heap after GC invocations=5 (full 0):
 garbage-first heap   total 98304K, used 24268K [0x00000000a1400000, 0x0000000100000000)
  region size 1024K, 4 young (4096K), 4 survivors (4096K)
 Metaspace       used 35409K, capacity 35846K, committed 35920K, reserved 1081344K
  class space    used 4406K, capacity 4584K, committed 4608K, reserved 1048576K
}
Event: 10.189 GC heap before
{Heap before GC invocations=6 (full 0):
 garbage-first heap   total 98304K, used 67276K [0x00000000a1400000, 0x0000000100000000)
  region size 1024K, 46 young (47104K), 4 survivors (4096K)
 Metaspace       used 43035K, capacity 43540K, committed 43676K, reserved 1089536K
  class space    used 5156K, capacity 5333K, committed 5452K, reserved 1048576K
}

