# JRE version: OpenJDK Runtime Environment (11.0.13) (build 11.0.13+0-b1751.21-8125866)
# Java VM: OpenJDK 64-Bit Server VM (11.0.13+0-b1751.21-8125866, mixed mode, tiered, compressed oops, g1 gc, windows-amd64)
Heap:
 garbage-first heap   total 270336K, used 132382K [0x0000000080000000, 0x0000000100000000)
  region size 1024K, 4 young (4096K), 4 survivors (4096K)
 Metaspace       used 125723K, capacity 129832K, committed 129872K, reserved 1161216K
  class space    used 16425K, capacity 18060K, committed 18080K, reserved 1048576K
GC Heap History (20 events):
Event: 92.872 GC heap after
{Heap after GC invocations=82 (full 0):
 garbage-first heap   total 172032K, used 110434K [0x0000000080000000, 0x0000000100000000)
  region size 1024K, 2 young (2048K), 2 survivors (2048K)
 Metaspace       used 110409K, capacity 113162K, committed 113360K, reserved 1146880K
  class space    used 14057K, capacity 15050K, committed 15136K, reserved 1048576K
}
Event: 93.463 GC heap before
{Heap before GC invocations=82 (full 0):
 garbage-first heap   total 172032K, used 141154K [0x0000000080000000, 0x0000000100000000)
  region size 1024K, 33 young (33792K), 2 survivors (2048K)
 Metaspace       used 110409K, capacity 113162K, committed 113360K, reserved 1146880K
  class space    used 14057K, capacity 15050K, committed 15136K, reserved 1048576K
}
Event: 93.468 GC heap after
{Heap after GC invocations=83 (full 0):
 garbage-first heap   total 172032K, used 111124K [0x0000000080000000, 0x0000000100000000)
  region size 1024K, 3 young (3072K), 3 survivors (3072K)
 Metaspace       used 110409K, capacity 113162K, committed 113360K, reserved 1146880K
  class space    used 14057K, capacity 15050K, committed 15136K, reserved 1048576K
}
Event: 94.594 GC heap before
{Heap before GC invocations=84 (full 0):
 garbage-first heap   total 172032K, used 141844K [0x0000000080000000, 0x0000000100000000)
  region size 1024K, 34 young (34816K), 3 survivors (3072K)
 Metaspace       used 110543K, capacity 113236K, committed 113360K, reserved 1146880K
  class space    used 14070K, capacity 15071K, committed 15136K, reserved 1048576K
}
Event: 94.602 GC heap after
{Heap after GC invocations=85 (full 0):
 garbage-first heap   total 172032K, used 113183K [0x0000000080000000, 0x0000000100000000)
  region size 1024K, 5 young (5120K), 5 survivors (5120K)
 Metaspace       used 110543K, capacity 113236K, committed 113360K, reserved 1146880K
  class space    used 14070K, capacity 15071K, committed 15136K, reserved 1048576K
}
Event: 95.149 GC heap before
{Heap before GC invocations=85 (full 0):
 garbage-first heap   total 172032K, used 143903K [0x0000000080000000, 0x0000000100000000)
  region size 1024K, 35 young (35840K), 5 survivors (5120K)
 Metaspace       used 110560K, capacity 113238K, committed 113360K, reserved 1146880K
  class space    used 14070K, capacity 15071K, committed 15136K, reserved 1048576K
}
Event: 95.165 GC heap after
{Heap after GC invocations=86 (full 0):
 garbage-first heap   total 172032K, used 113212K [0x0000000080000000, 0x0000000100000000)
  region size 1024K, 3 young (3072K), 3 survivors (3072K)
 Metaspace       used 110560K, capacity 113238K, committed 113360K, reserved 1146880K
  class space    used 14070K, capacity 15071K, committed 15136K, reserved 1048576K
}
Event: 95.806 GC heap before
{Heap before GC invocations=87 (full 0):
 garbage-first heap   total 172032K, used 147004K [0x0000000080000000, 0x0000000100000000)
  region size 1024K, 35 young (35840K), 3 survivors (3072K)
 Metaspace       used 112656K, capacity 115457K, committed 115792K, reserved 1148928K
  class space    used 14362K, capacity 15395K, committed 15520K, reserved 1048576K
}
Event: 95.815 GC heap after
{Heap after GC invocations=88 (full 0):
 garbage-first heap   total 172032K, used 115099K [0x0000000080000000, 0x0000000100000000)
  region size 1024K, 4 young (4096K), 4 survivors (4096K)
 Metaspace       used 112656K, capacity 115457K, committed 115792K, reserved 1148928K
  class space    used 14362K, capacity 15395K, committed 15520K, reserved 1048576K
}
Event: 96.230 GC heap before
{Heap before GC invocations=88 (full 0):
 garbage-first heap   total 172032K, used 145819K [0x0000000080000000, 0x0000000100000000)
  region size 1024K, 35 young (35840K), 4 survivors (4096K)
 Metaspace       used 114617K, capacity 117620K, committed 117968K, reserved 1150976K
  class space    used 14657K, capacity 15785K, committed 15904K, reserved 1048576K
}
Event: 96.270 GC heap after
{Heap after GC invocations=89 (full 0):
 garbage-first heap   total 172032K, used 119497K [0x0000000080000000, 0x0000000100000000)
  region size 1024K, 5 young (5120K), 5 survivors (5120K)
 Metaspace       used 114617K, capacity 117620K, committed 117968K, reserved 1150976K
  class space    used 14657K, capacity 15785K, committed 15904K, reserved 1048576K
}
Event: 96.605 GC heap before
{Heap before GC invocations=89 (full 0):
 garbage-first heap   total 172032K, used 145097K [0x0000000080000000, 0x0000000100000000)
  region size 1024K, 31 young (31744K), 5 survivors (5120K)
 Metaspace       used 115983K, capacity 119058K, committed 119120K, reserved 1153024K
  class space    used 14841K, capacity 16018K, committed 16032K, reserved 1048576K
}
Event: 96.631 GC heap after
{Heap after GC invocations=90 (full 0):
 garbage-first heap   total 225280K, used 125164K [0x0000000080000000, 0x0000000100000000)
  region size 1024K, 4 young (4096K), 4 survivors (4096K)
 Metaspace       used 115983K, capacity 119058K, committed 119120K, reserved 1153024K
  class space    used 14841K, capacity 16018K, committed 16032K, reserved 1048576K
}
Event: 97.156 GC heap before
{Heap before GC invocations=91 (full 0):
 garbage-first heap   total 225280K, used 172268K [0x0000000080000000, 0x0000000100000000)
  region size 1024K, 50 young (51200K), 4 survivors (4096K)
 Metaspace       used 118604K, capacity 121995K, committed 122192K, reserved 1155072K
  class space    used 15254K, capacity 16541K, committed 16544K, reserved 1048576K
}
Event: 97.175 GC heap after
{Heap after GC invocations=92 (full 0):
 garbage-first heap   total 225280K, used 129387K [0x0000000080000000, 0x0000000100000000)
  region size 1024K, 4 young (4096K), 4 survivors (4096K)
 Metaspace       used 118604K, capacity 121995K, committed 122192K, reserved 1155072K
  class space    used 15254K, capacity 16541K, committed 16544K, reserved 1048576K
}
Event: 97.444 GC heap before
{Heap before GC invocations=92 (full 0):
 garbage-first heap   total 225280K, used 144747K [0x0000000080000000, 0x0000000100000000)
  region size 1024K, 20 young (20480K), 4 survivors (4096K)
 Metaspace       used 120018K, capacity 123752K, committed 124112K, reserved 1157120K
  class space    used 15589K, capacity 17060K, committed 17184K, reserved 1048576K
}
Event: 97.460 GC heap after
{Heap after GC invocations=93 (full 0):
 garbage-first heap   total 225280K, used 129781K [0x0000000080000000, 0x0000000100000000)
  region size 1024K, 5 young (5120K), 5 survivors (5120K)
 Metaspace       used 120018K, capacity 123752K, committed 124112K, reserved 1157120K
  class space    used 15589K, capacity 17060K, committed 17184K, reserved 1048576K
}
Event: 98.446 GC heap before
{Heap before GC invocations=94 (full 0):
 garbage-first heap   total 225280K, used 172789K [0x0000000080000000, 0x0000000100000000)
  region size 1024K, 46 young (47104K), 5 survivors (5120K)
 Metaspace       used 123554K, capacity 127294K, committed 127696K, reserved 1159168K
  class space    used 16101K, capacity 17590K, committed 17696K, reserved 1048576K
}
Event: 98.461 GC heap after
{Heap after GC invocations=95 (full 0):
 garbage-first heap   total 225280K, used 132147K [0x0000000080000000, 0x0000000100000000)
  region size 1024K, 4 young (4096K), 4 survivors (4096K)
 Metaspace       used 123554K, capacity 127294K, committed 127696K, reserved 1159168K
  class space    used 16101K, capacity 17590K, committed 17696K, reserved 1048576K
}
Event: 99.082 GC heap before
{Heap before GC invocations=95 (full 0):
 garbage-first heap   total 225280K, used 158771K [0x0000000080000000, 0x0000000100000000)
  region size 1024K, 32 young (32768K), 4 survivors (4096K)
 Metaspace       used 125723K, capacity 129832K, committed 129872K, reserved 1161216K
  class space    used 16425K, capacity 18060K, committed 18080K, reserved 1048576K
}

