# JRE version: OpenJDK Runtime Environment (11.0.13) (build 11.0.13+0-b1751.21-8125866)
# Java VM: OpenJDK 64-Bit Server VM (11.0.13+0-b1751.21-8125866, mixed mode, tiered, compressed oops, g1 gc, windows-amd64)
Heap:
 garbage-first heap   total 683008K, used 254170K [0x0000000080000000, 0x0000000100000000)
  region size 1024K, 11 young (11264K), 11 survivors (11264K)
 Metaspace       used 131076K, capacity 135337K, committed 135600K, reserved 1167360K
  class space    used 16947K, capacity 18579K, committed 18688K, reserved 1048576K
GC Heap History (20 events):
Event: 192.715 GC heap after
{Heap after GC invocations=118 (full 0):
 garbage-first heap   total 248832K, used 203927K [0x0000000080000000, 0x0000000100000000)
  region size 1024K, 3 young (3072K), 3 survivors (3072K)
 Metaspace       used 121470K, capacity 124918K, committed 125232K, reserved 1157120K
  class space    used 15482K, capacity 16706K, committed 16768K, reserved 1048576K
}
Event: 192.809 GC heap before
{Heap before GC invocations=118 (full 0):
 garbage-first heap   total 248832K, used 213143K [0x0000000080000000, 0x0000000100000000)
  region size 1024K, 12 young (12288K), 3 survivors (3072K)
 Metaspace       used 122049K, capacity 125561K, committed 125872K, reserved 1159168K
  class space    used 15556K, capacity 16812K, committed 16896K, reserved 1048576K
}
Event: 192.825 GC heap after
{Heap after GC invocations=119 (full 0):
 garbage-first heap   total 248832K, used 203675K [0x0000000080000000, 0x0000000100000000)
  region size 1024K, 2 young (2048K), 2 survivors (2048K)
 Metaspace       used 122049K, capacity 125561K, committed 125872K, reserved 1159168K
  class space    used 15556K, capacity 16812K, committed 16896K, reserved 1048576K
}
Event: 192.927 GC heap before
{Heap before GC invocations=119 (full 0):
 garbage-first heap   total 248832K, used 213915K [0x0000000080000000, 0x0000000100000000)
  region size 1024K, 13 young (13312K), 2 survivors (2048K)
 Metaspace       used 122598K, capacity 126106K, committed 126384K, reserved 1159168K
  class space    used 15617K, capacity 16844K, committed 16896K, reserved 1048576K
}
Event: 192.944 GC heap after
{Heap after GC invocations=120 (full 0):
 garbage-first heap   total 312320K, used 206137K [0x0000000080000000, 0x0000000100000000)
  region size 1024K, 2 young (2048K), 2 survivors (2048K)
 Metaspace       used 122598K, capacity 126106K, committed 126384K, reserved 1159168K
  class space    used 15617K, capacity 16844K, committed 16896K, reserved 1048576K
}
Event: 193.490 GC heap before
{Heap before GC invocations=120 (full 0):
 garbage-first heap   total 312320K, used 240953K [0x0000000080000000, 0x0000000100000000)
  region size 1024K, 36 young (36864K), 2 survivors (2048K)
 Metaspace       used 122639K, capacity 125927K, committed 126768K, reserved 1159168K
  class space    used 15554K, capacity 16705K, committed 17024K, reserved 1048576K
}
Event: 193.518 GC heap after
{Heap after GC invocations=121 (full 0):
 garbage-first heap   total 312320K, used 212782K [0x0000000080000000, 0x0000000100000000)
  region size 1024K, 5 young (5120K), 5 survivors (5120K)
 Metaspace       used 122639K, capacity 125927K, committed 126768K, reserved 1159168K
  class space    used 15554K, capacity 16705K, committed 17024K, reserved 1048576K
}
Event: 193.904 GC heap before
{Heap before GC invocations=122 (full 0):
 garbage-first heap   total 312320K, used 246574K [0x0000000080000000, 0x0000000100000000)
  region size 1024K, 38 young (38912K), 5 survivors (5120K)
 Metaspace       used 123790K, capacity 127332K, committed 127408K, reserved 1159168K
  class space    used 15807K, capacity 17140K, committed 17152K, reserved 1048576K
}
Event: 193.928 GC heap after
{Heap after GC invocations=123 (full 0):
 garbage-first heap   total 312320K, used 218968K [0x0000000080000000, 0x0000000100000000)
  region size 1024K, 5 young (5120K), 5 survivors (5120K)
 Metaspace       used 123790K, capacity 127332K, committed 127408K, reserved 1159168K
  class space    used 15807K, capacity 17140K, committed 17152K, reserved 1048576K
}
Event: 194.043 GC heap before
{Heap before GC invocations=123 (full 0):
 garbage-first heap   total 312320K, used 252760K [0x0000000080000000, 0x0000000100000000)
  region size 1024K, 38 young (38912K), 5 survivors (5120K)
 Metaspace       used 124148K, capacity 127701K, committed 127792K, reserved 1159168K
  class space    used 15864K, capacity 17195K, committed 17280K, reserved 1048576K
}
Event: 194.061 GC heap after
{Heap after GC invocations=124 (full 0):
 garbage-first heap   total 312320K, used 225530K [0x0000000080000000, 0x0000000100000000)
  region size 1024K, 5 young (5120K), 5 survivors (5120K)
 Metaspace       used 124148K, capacity 127701K, committed 127792K, reserved 1159168K
  class space    used 15864K, capacity 17195K, committed 17280K, reserved 1048576K
}
Event: 194.181 GC heap before
{Heap before GC invocations=124 (full 0):
 garbage-first heap   total 312320K, used 257274K [0x0000000080000000, 0x0000000100000000)
  region size 1024K, 36 young (36864K), 5 survivors (5120K)
 Metaspace       used 124600K, capacity 128222K, committed 128432K, reserved 1161216K
  class space    used 15948K, capacity 17308K, committed 17408K, reserved 1048576K
}
Event: 194.210 GC heap after
{Heap after GC invocations=125 (full 0):
 garbage-first heap   total 493568K, used 231241K [0x0000000080000000, 0x0000000100000000)
  region size 1024K, 5 young (5120K), 5 survivors (5120K)
 Metaspace       used 124600K, capacity 128222K, committed 128432K, reserved 1161216K
  class space    used 15948K, capacity 17308K, committed 17408K, reserved 1048576K
}
Event: 195.283 GC heap before
{Heap before GC invocations=125 (full 0):
 garbage-first heap   total 493568K, used 315209K [0x0000000080000000, 0x0000000100000000)
  region size 1024K, 87 young (89088K), 5 survivors (5120K)
 Metaspace       used 127629K, capacity 131510K, committed 131632K, reserved 1163264K
  class space    used 16463K, capacity 17946K, committed 18048K, reserved 1048576K
}
Event: 195.317 GC heap after
{Heap after GC invocations=126 (full 0):
 garbage-first heap   total 493568K, used 242338K [0x0000000080000000, 0x0000000100000000)
  region size 1024K, 11 young (11264K), 11 survivors (11264K)
 Metaspace       used 127629K, capacity 131510K, committed 131632K, reserved 1163264K
  class space    used 16463K, capacity 17946K, committed 18048K, reserved 1048576K
}
Event: 196.274 GC heap before
{Heap before GC invocations=126 (full 0):
 garbage-first heap   total 493568K, used 340642K [0x0000000080000000, 0x0000000100000000)
  region size 1024K, 107 young (109568K), 11 survivors (11264K)
 Metaspace       used 129627K, capacity 133657K, committed 133808K, reserved 1165312K
  class space    used 16755K, capacity 18316K, committed 18432K, reserved 1048576K
}
Event: 196.309 GC heap after
{Heap after GC invocations=127 (full 0):
 garbage-first heap   total 493568K, used 248464K [0x0000000080000000, 0x0000000100000000)
  region size 1024K, 12 young (12288K), 12 survivors (12288K)
 Metaspace       used 129627K, capacity 133657K, committed 133808K, reserved 1165312K
  class space    used 16755K, capacity 18316K, committed 18432K, reserved 1048576K
}
Event: 197.343 GC heap before
{Heap before GC invocations=127 (full 0):
 garbage-first heap   total 493568K, used 358032K [0x0000000080000000, 0x0000000100000000)
  region size 1024K, 119 young (121856K), 12 survivors (12288K)
 Metaspace       used 130916K, capacity 135161K, committed 135216K, reserved 1165312K
  class space    used 16922K, capacity 18543K, committed 18560K, reserved 1048576K
}
Event: 197.370 GC heap after
{Heap after GC invocations=128 (full 0):
 garbage-first heap   total 493568K, used 250653K [0x0000000080000000, 0x0000000100000000)
  region size 1024K, 8 young (8192K), 8 survivors (8192K)
 Metaspace       used 130916K, capacity 135161K, committed 135216K, reserved 1165312K
  class space    used 16922K, capacity 18543K, committed 18560K, reserved 1048576K
}
Event: 198.419 GC heap before
{Heap before GC invocations=128 (full 0):
 garbage-first heap   total 493568K, used 379677K [0x0000000080000000, 0x0000000100000000)
  region size 1024K, 135 young (138240K), 8 survivors (8192K)
 Metaspace       used 131076K, capacity 135337K, committed 135600K, reserved 1167360K
  class space    used 16947K, capacity 18579K, committed 18688K, reserved 1048576K
}

