# JRE version: OpenJDK Runtime Environment (11.0.13) (build 11.0.13+0-b1751.21-8125866)
# Java VM: OpenJDK 64-Bit Server VM (11.0.13+0-b1751.21-8125866, mixed mode, tiered, compressed oops, g1 gc, windows-amd64)
Heap:
 garbage-first heap   total 484352K, used 230432K [0x0000000080000000, 0x0000000100000000)
  region size 1024K, 6 young (6144K), 6 survivors (6144K)
 Metaspace       used 143536K, capacity 146906K, committed 147376K, reserved 1177600K
  class space    used 17654K, capacity 18917K, committed 19200K, reserved 1048576K
GC Heap History (20 events):
Event: 6457.990 GC heap after
{Heap after GC invocations=123 (full 0):
 garbage-first heap   total 299008K, used 222208K [0x0000000080000000, 0x0000000100000000)
  region size 1024K, 6 young (6144K), 6 survivors (6144K)
 Metaspace       used 139035K, capacity 142312K, committed 143024K, reserved 1173504K
  class space    used 17145K, capacity 18407K, committed 18688K, reserved 1048576K
}
Event: 6458.015 GC heap before
{Heap before GC invocations=123 (full 0):
 garbage-first heap   total 299008K, used 230400K [0x0000000080000000, 0x0000000100000000)
  region size 1024K, 14 young (14336K), 6 survivors (6144K)
 Metaspace       used 139145K, capacity 142434K, committed 143280K, reserved 1173504K
  class space    used 17165K, capacity 18429K, committed 18688K, reserved 1048576K
}
Event: 6458.033 GC heap after
{Heap after GC invocations=124 (full 0):
 garbage-first heap   total 299008K, used 221334K [0x0000000080000000, 0x0000000100000000)
  region size 1024K, 2 young (2048K), 2 survivors (2048K)
 Metaspace       used 139145K, capacity 142434K, committed 143280K, reserved 1173504K
  class space    used 17165K, capacity 18429K, committed 18688K, reserved 1048576K
}
Event: 6458.335 GC heap before
{Heap before GC invocations=124 (full 0):
 garbage-first heap   total 299008K, used 253078K [0x0000000080000000, 0x0000000100000000)
  region size 1024K, 33 young (33792K), 2 survivors (2048K)
 Metaspace       used 140886K, capacity 144279K, committed 144816K, reserved 1175552K
  class space    used 17469K, capacity 18772K, committed 18944K, reserved 1048576K
}
Event: 6458.346 GC heap after
{Heap after GC invocations=125 (full 0):
 garbage-first heap   total 299008K, used 223566K [0x0000000080000000, 0x0000000100000000)
  region size 1024K, 5 young (5120K), 5 survivors (5120K)
 Metaspace       used 140886K, capacity 144279K, committed 144816K, reserved 1175552K
  class space    used 17469K, capacity 18772K, committed 18944K, reserved 1048576K
}
Event: 6458.711 GC heap before
{Heap before GC invocations=125 (full 0):
 garbage-first heap   total 299008K, used 254286K [0x0000000080000000, 0x0000000100000000)
  region size 1024K, 35 young (35840K), 5 survivors (5120K)
 Metaspace       used 141390K, capacity 144669K, committed 145328K, reserved 1175552K
  class space    used 17428K, capacity 18655K, committed 18944K, reserved 1048576K
}
Event: 6458.721 GC heap after
{Heap after GC invocations=126 (full 0):
 garbage-first heap   total 299008K, used 225540K [0x0000000080000000, 0x0000000100000000)
  region size 1024K, 3 young (3072K), 3 survivors (3072K)
 Metaspace       used 141390K, capacity 144669K, committed 145328K, reserved 1175552K
  class space    used 17428K, capacity 18655K, committed 18944K, reserved 1048576K
}
Event: 6458.913 GC heap before
{Heap before GC invocations=127 (full 0):
 garbage-first heap   total 299008K, used 255236K [0x0000000080000000, 0x0000000100000000)
  region size 1024K, 33 young (33792K), 3 survivors (3072K)
 Metaspace       used 142271K, capacity 145623K, committed 146224K, reserved 1177600K
  class space    used 17559K, capacity 18820K, committed 19072K, reserved 1048576K
}
Event: 6458.922 GC heap after
{Heap after GC invocations=128 (full 0):
 garbage-first heap   total 299008K, used 227972K [0x0000000080000000, 0x0000000100000000)
  region size 1024K, 5 young (5120K), 5 survivors (5120K)
 Metaspace       used 142271K, capacity 145623K, committed 146224K, reserved 1177600K
  class space    used 17559K, capacity 18820K, committed 19072K, reserved 1048576K
}
Event: 6459.006 GC heap before
{Heap before GC invocations=128 (full 0):
 garbage-first heap   total 299008K, used 237188K [0x0000000080000000, 0x0000000100000000)
  region size 1024K, 14 young (14336K), 5 survivors (5120K)
 Metaspace       used 142497K, capacity 145821K, committed 146224K, reserved 1177600K
  class space    used 17582K, capacity 18843K, committed 19072K, reserved 1048576K
}
Event: 6459.025 GC heap after
{Heap after GC invocations=129 (full 0):
 garbage-first heap   total 359424K, used 221707K [0x0000000080000000, 0x0000000100000000)
  region size 1024K, 1 young (1024K), 1 survivors (1024K)
 Metaspace       used 142497K, capacity 145821K, committed 146224K, reserved 1177600K
  class space    used 17582K, capacity 18843K, committed 19072K, reserved 1048576K
}
Event: 6459.429 GC heap before
{Heap before GC invocations=129 (full 0):
 garbage-first heap   total 359424K, used 277003K [0x0000000080000000, 0x0000000100000000)
  region size 1024K, 56 young (57344K), 1 survivors (1024K)
 Metaspace       used 142715K, capacity 146075K, committed 146480K, reserved 1177600K
  class space    used 17596K, capacity 18885K, committed 19072K, reserved 1048576K
}
Event: 6459.443 GC heap after
{Heap after GC invocations=130 (full 0):
 garbage-first heap   total 359424K, used 224816K [0x0000000080000000, 0x0000000100000000)
  region size 1024K, 5 young (5120K), 5 survivors (5120K)
 Metaspace       used 142715K, capacity 146075K, committed 146480K, reserved 1177600K
  class space    used 17596K, capacity 18885K, committed 19072K, reserved 1048576K
}
Event: 6460.002 GC heap before
{Heap before GC invocations=131 (full 0):
 garbage-first heap   total 359424K, used 283184K [0x0000000080000000, 0x0000000100000000)
  region size 1024K, 62 young (63488K), 5 survivors (5120K)
 Metaspace       used 142847K, capacity 146183K, committed 146736K, reserved 1177600K
  class space    used 17600K, capacity 18848K, committed 19072K, reserved 1048576K
}
Event: 6460.010 GC heap after
{Heap after GC invocations=132 (full 0):
 garbage-first heap   total 359424K, used 225787K [0x0000000080000000, 0x0000000100000000)
  region size 1024K, 5 young (5120K), 5 survivors (5120K)
 Metaspace       used 142847K, capacity 146183K, committed 146736K, reserved 1177600K
  class space    used 17600K, capacity 18848K, committed 19072K, reserved 1048576K
}
Event: 6460.340 GC heap before
{Heap before GC invocations=132 (full 0):
 garbage-first heap   total 359424K, used 286203K [0x0000000080000000, 0x0000000100000000)
  region size 1024K, 65 young (66560K), 5 survivors (5120K)
 Metaspace       used 142905K, capacity 146253K, committed 146864K, reserved 1177600K
  class space    used 17613K, capacity 18893K, committed 19200K, reserved 1048576K
}
Event: 6460.355 GC heap after
{Heap after GC invocations=133 (full 0):
 garbage-first heap   total 359424K, used 226157K [0x0000000080000000, 0x0000000100000000)
  region size 1024K, 5 young (5120K), 5 survivors (5120K)
 Metaspace       used 142905K, capacity 146253K, committed 146864K, reserved 1177600K
  class space    used 17613K, capacity 18893K, committed 19200K, reserved 1048576K
}
Event: 6460.805 GC heap before
{Heap before GC invocations=133 (full 0):
 garbage-first heap   total 359424K, used 288621K [0x0000000080000000, 0x0000000100000000)
  region size 1024K, 67 young (68608K), 5 survivors (5120K)
 Metaspace       used 143505K, capacity 146893K, committed 147376K, reserved 1177600K
  class space    used 17651K, capacity 18913K, committed 19200K, reserved 1048576K
}
Event: 6460.815 GC heap after
{Heap after GC invocations=134 (full 0):
 garbage-first heap   total 359424K, used 228966K [0x0000000080000000, 0x0000000100000000)
  region size 1024K, 6 young (6144K), 6 survivors (6144K)
 Metaspace       used 143505K, capacity 146893K, committed 147376K, reserved 1177600K
  class space    used 17651K, capacity 18913K, committed 19200K, reserved 1048576K
}
Event: 6461.098 GC heap before
{Heap before GC invocations=135 (full 0):
 garbage-first heap   total 359424K, used 292454K [0x0000000080000000, 0x0000000100000000)
  region size 1024K, 69 young (70656K), 6 survivors (6144K)
 Metaspace       used 143536K, capacity 146906K, committed 147376K, reserved 1177600K
  class space    used 17654K, capacity 18917K, committed 19200K, reserved 1048576K
}

