# JRE version: OpenJDK Runtime Environment (11.0.13) (build 11.0.13+0-b1751.21-8125866)
# Java VM: OpenJDK 64-Bit Server VM (11.0.13+0-b1751.21-8125866, mixed mode, tiered, compressed oops, g1 gc, windows-amd64)
Heap:
 garbage-first heap   total 538624K, used 282916K [0x0000000080000000, 0x0000000100000000)
  region size 1024K, 11 young (11264K), 11 survivors (11264K)
 Metaspace       used 134948K, capacity 139019K, committed 139184K, reserved 1169408K
  class space    used 16993K, capacity 18599K, committed 18688K, reserved 1048576K
GC Heap History (20 events):
Event: 50.379 GC heap after
{Heap after GC invocations=82 (full 0):
 garbage-first heap   total 473088K, used 222576K [0x0000000080000000, 0x0000000100000000)
  region size 1024K, 8 young (8192K), 8 survivors (8192K)
 Metaspace       used 126331K, capacity 129739K, committed 129968K, reserved 1163264K
  class space    used 15818K, capacity 17129K, committed 17152K, reserved 1048576K
}
Event: 50.935 GC heap before
{Heap before GC invocations=82 (full 0):
 garbage-first heap   total 473088K, used 317808K [0x0000000080000000, 0x0000000100000000)
  region size 1024K, 102 young (104448K), 8 survivors (8192K)
 Metaspace       used 128299K, capacity 131975K, committed 132016K, reserved 1163264K
  class space    used 16211K, capacity 17651K, committed 17664K, reserved 1048576K
}
Event: 50.970 GC heap after
{Heap after GC invocations=83 (full 0):
 garbage-first heap   total 473088K, used 240258K [0x0000000080000000, 0x0000000100000000)
  region size 1024K, 13 young (13312K), 13 survivors (13312K)
 Metaspace       used 128299K, capacity 131975K, committed 132016K, reserved 1163264K
  class space    used 16211K, capacity 17651K, committed 17664K, reserved 1048576K
}
Event: 51.856 GC heap before
{Heap before GC invocations=83 (full 0):
 garbage-first heap   total 473088K, used 338562K [0x0000000080000000, 0x0000000100000000)
  region size 1024K, 110 young (112640K), 13 survivors (13312K)
 Metaspace       used 131341K, capacity 135254K, committed 135344K, reserved 1167360K
  class space    used 16668K, capacity 18157K, committed 18176K, reserved 1048576K
}
Event: 51.886 GC heap after
{Heap after GC invocations=84 (full 0):
 garbage-first heap   total 473088K, used 252787K [0x0000000080000000, 0x0000000100000000)
  region size 1024K, 12 young (12288K), 12 survivors (12288K)
 Metaspace       used 131341K, capacity 135254K, committed 135344K, reserved 1167360K
  class space    used 16668K, capacity 18157K, committed 18176K, reserved 1048576K
}
Event: 52.623 GC heap before
{Heap before GC invocations=84 (full 0):
 garbage-first heap   total 473088K, used 353139K [0x0000000080000000, 0x0000000100000000)
  region size 1024K, 110 young (112640K), 12 survivors (12288K)
 Metaspace       used 131814K, capacity 135704K, committed 135984K, reserved 1167360K
  class space    used 16686K, capacity 18198K, committed 18304K, reserved 1048576K
}
Event: 52.641 GC heap after
{Heap after GC invocations=85 (full 0):
 garbage-first heap   total 473088K, used 257771K [0x0000000080000000, 0x0000000100000000)
  region size 1024K, 5 young (5120K), 5 survivors (5120K)
 Metaspace       used 131814K, capacity 135704K, committed 135984K, reserved 1167360K
  class space    used 16686K, capacity 18198K, committed 18304K, reserved 1048576K
}
Event: 53.589 GC heap before
{Heap before GC invocations=85 (full 0):
 garbage-first heap   total 473088K, used 365291K [0x0000000080000000, 0x0000000100000000)
  region size 1024K, 110 young (112640K), 5 survivors (5120K)
 Metaspace       used 132539K, capacity 136465K, committed 136496K, reserved 1167360K
  class space    used 16765K, capacity 18281K, committed 18304K, reserved 1048576K
}
Event: 53.599 GC heap after
{Heap after GC invocations=86 (full 0):
 garbage-first heap   total 473088K, used 257938K [0x0000000080000000, 0x0000000100000000)
  region size 1024K, 5 young (5120K), 5 survivors (5120K)
 Metaspace       used 132539K, capacity 136465K, committed 136496K, reserved 1167360K
  class space    used 16765K, capacity 18281K, committed 18304K, reserved 1048576K
}
Event: 54.591 GC heap before
{Heap before GC invocations=86 (full 0):
 garbage-first heap   total 473088K, used 373650K [0x0000000080000000, 0x0000000100000000)
  region size 1024K, 118 young (120832K), 5 survivors (5120K)
 Metaspace       used 133586K, capacity 137611K, committed 137776K, reserved 1169408K
  class space    used 16887K, capacity 18451K, committed 18560K, reserved 1048576K
}
Event: 54.601 GC heap after
{Heap after GC invocations=87 (full 0):
 garbage-first heap   total 473088K, used 258668K [0x0000000080000000, 0x0000000100000000)
  region size 1024K, 6 young (6144K), 6 survivors (6144K)
 Metaspace       used 133586K, capacity 137611K, committed 137776K, reserved 1169408K
  class space    used 16887K, capacity 18451K, committed 18560K, reserved 1048576K
}
Event: 55.237 GC heap before
{Heap before GC invocations=87 (full 0):
 garbage-first heap   total 473088K, used 378476K [0x0000000080000000, 0x0000000100000000)
  region size 1024K, 124 young (126976K), 6 survivors (6144K)
 Metaspace       used 134263K, capacity 138407K, committed 138672K, reserved 1169408K
  class space    used 16965K, capacity 18561K, committed 18688K, reserved 1048576K
}
Event: 55.248 GC heap after
{Heap after GC invocations=88 (full 0):
 garbage-first heap   total 473088K, used 259102K [0x0000000080000000, 0x0000000100000000)
  region size 1024K, 7 young (7168K), 7 survivors (7168K)
 Metaspace       used 134263K, capacity 138407K, committed 138672K, reserved 1169408K
  class space    used 16965K, capacity 18561K, committed 18688K, reserved 1048576K
}
Event: 56.193 GC heap before
{Heap before GC invocations=88 (full 0):
 garbage-first heap   total 473088K, used 389150K [0x0000000080000000, 0x0000000100000000)
  region size 1024K, 135 young (138240K), 7 survivors (7168K)
 Metaspace       used 134663K, capacity 138772K, committed 138928K, reserved 1169408K
  class space    used 16986K, capacity 18567K, committed 18688K, reserved 1048576K
}
Event: 56.208 GC heap after
{Heap after GC invocations=89 (full 0):
 garbage-first heap   total 473088K, used 263773K [0x0000000080000000, 0x0000000100000000)
  region size 1024K, 11 young (11264K), 11 survivors (11264K)
 Metaspace       used 134663K, capacity 138772K, committed 138928K, reserved 1169408K
  class space    used 16986K, capacity 18567K, committed 18688K, reserved 1048576K
}
Event: 56.864 GC heap before
{Heap before GC invocations=89 (full 0):
 garbage-first heap   total 473088K, used 396893K [0x0000000080000000, 0x0000000100000000)
  region size 1024K, 142 young (145408K), 11 survivors (11264K)
 Metaspace       used 134852K, capacity 138949K, committed 139184K, reserved 1169408K
  class space    used 16993K, capacity 18599K, committed 18688K, reserved 1048576K
}
Event: 56.886 GC heap after
{Heap after GC invocations=90 (full 0):
 garbage-first heap   total 473088K, used 274149K [0x0000000080000000, 0x0000000100000000)
  region size 1024K, 18 young (18432K), 18 survivors (18432K)
 Metaspace       used 134852K, capacity 138949K, committed 139184K, reserved 1169408K
  class space    used 16993K, capacity 18599K, committed 18688K, reserved 1048576K
}
Event: 57.316 GC heap before
{Heap before GC invocations=90 (full 0):
 garbage-first heap   total 473088K, used 396005K [0x0000000080000000, 0x0000000100000000)
  region size 1024K, 137 young (140288K), 18 survivors (18432K)
 Metaspace       used 134897K, capacity 139019K, committed 139184K, reserved 1169408K
  class space    used 16993K, capacity 18599K, committed 18688K, reserved 1048576K
}
Event: 57.350 GC heap after
{Heap after GC invocations=91 (full 0):
 garbage-first heap   total 473088K, used 280657K [0x0000000080000000, 0x0000000100000000)
  region size 1024K, 9 young (9216K), 9 survivors (9216K)
 Metaspace       used 134897K, capacity 139019K, committed 139184K, reserved 1169408K
  class space    used 16993K, capacity 18599K, committed 18688K, reserved 1048576K
}
Event: 58.039 GC heap before
{Heap before GC invocations=91 (full 0):
 garbage-first heap   total 473088K, used 398417K [0x0000000080000000, 0x0000000100000000)
  region size 1024K, 124 young (126976K), 9 survivors (9216K)
 Metaspace       used 134948K, capacity 139019K, committed 139184K, reserved 1169408K
  class space    used 16993K, capacity 18599K, committed 18688K, reserved 1048576K
}

