# JRE version: OpenJDK Runtime Environment (11.0.13) (build 11.0.13+0-b1751.21-8125866)
# Java VM: OpenJDK 64-Bit Server VM (11.0.13+0-b1751.21-8125866, mixed mode, tiered, compressed oops, g1 gc, windows-amd64)
Heap:
 garbage-first heap   total 258048K, used 186475K [0x0000000080000000, 0x0000000100000000)
  region size 1024K, 22 young (22528K), 6 survivors (6144K)
 Metaspace       used 112418K, capacity 115321K, committed 115376K, reserved 1148928K
  class space    used 14298K, capacity 15312K, committed 15360K, reserved 1048576K
GC Heap History (20 events):
Event: 38.869 GC heap before
{Heap before GC invocations=89 (full 0):
 garbage-first heap   total 215040K, used 174127K [0x0000000080000000, 0x0000000100000000)
  region size 1024K, 27 young (27648K), 1 survivors (1024K)
 Metaspace       used 96416K, capacity 98630K, committed 98992K, reserved 1134592K
  class space    used 12416K, capacity 13190K, committed 13312K, reserved 1048576K
}
Event: 38.876 GC heap after
{Heap after GC invocations=90 (full 0):
 garbage-first heap   total 215040K, used 148990K [0x0000000080000000, 0x0000000100000000)
  region size 1024K, 3 young (3072K), 3 survivors (3072K)
 Metaspace       used 96416K, capacity 98630K, committed 98992K, reserved 1134592K
  class space    used 12416K, capacity 13190K, committed 13312K, reserved 1048576K
}
Event: 39.906 GC heap before
{Heap before GC invocations=90 (full 0):
 garbage-first heap   total 215040K, used 176638K [0x0000000080000000, 0x0000000100000000)
  region size 1024K, 30 young (30720K), 3 survivors (3072K)
 Metaspace       used 98708K, capacity 101078K, committed 101424K, reserved 1136640K
  class space    used 12765K, capacity 13601K, committed 13696K, reserved 1048576K
}
Event: 39.917 GC heap after
{Heap after GC invocations=91 (full 0):
 garbage-first heap   total 215040K, used 151085K [0x0000000080000000, 0x0000000100000000)
  region size 1024K, 4 young (4096K), 4 survivors (4096K)
 Metaspace       used 98708K, capacity 101078K, committed 101424K, reserved 1136640K
  class space    used 12765K, capacity 13601K, committed 13696K, reserved 1048576K
}
Event: 41.071 GC heap before
{Heap before GC invocations=92 (full 0):
 garbage-first heap   total 215040K, used 178733K [0x0000000080000000, 0x0000000100000000)
  region size 1024K, 31 young (31744K), 4 survivors (4096K)
 Metaspace       used 101041K, capacity 103400K, committed 103728K, reserved 1138688K
  class space    used 13000K, capacity 13876K, committed 13952K, reserved 1048576K
}
Event: 41.085 GC heap after
{Heap after GC invocations=93 (full 0):
 garbage-first heap   total 215040K, used 153319K [0x0000000080000000, 0x0000000100000000)
  region size 1024K, 4 young (4096K), 4 survivors (4096K)
 Metaspace       used 101041K, capacity 103400K, committed 103728K, reserved 1138688K
  class space    used 13000K, capacity 13876K, committed 13952K, reserved 1048576K
}
Event: 41.579 GC heap before
{Heap before GC invocations=93 (full 0):
 garbage-first heap   total 215040K, used 179943K [0x0000000080000000, 0x0000000100000000)
  region size 1024K, 31 young (31744K), 4 survivors (4096K)
 Metaspace       used 101269K, capacity 103690K, committed 103984K, reserved 1138688K
  class space    used 13019K, capacity 13907K, committed 13952K, reserved 1048576K
}
Event: 41.596 GC heap after
{Heap after GC invocations=94 (full 0):
 garbage-first heap   total 258048K, used 156000K [0x0000000080000000, 0x0000000100000000)
  region size 1024K, 3 young (3072K), 3 survivors (3072K)
 Metaspace       used 101269K, capacity 103690K, committed 103984K, reserved 1138688K
  class space    used 13019K, capacity 13907K, committed 13952K, reserved 1048576K
}
Event: 42.966 GC heap before
{Heap before GC invocations=95 (full 0):
 garbage-first heap   total 258048K, used 195936K [0x0000000080000000, 0x0000000100000000)
  region size 1024K, 43 young (44032K), 3 survivors (3072K)
 Metaspace       used 102189K, capacity 104657K, committed 104752K, reserved 1140736K
  class space    used 13067K, capacity 13948K, committed 13952K, reserved 1048576K
}
Event: 42.976 GC heap after
{Heap after GC invocations=96 (full 0):
 garbage-first heap   total 258048K, used 158753K [0x0000000080000000, 0x0000000100000000)
  region size 1024K, 6 young (6144K), 6 survivors (6144K)
 Metaspace       used 102189K, capacity 104657K, committed 104752K, reserved 1140736K
  class space    used 13067K, capacity 13948K, committed 13952K, reserved 1048576K
}
Event: 43.923 GC heap before
{Heap before GC invocations=96 (full 0):
 garbage-first heap   total 258048K, used 200737K [0x0000000080000000, 0x0000000100000000)
  region size 1024K, 47 young (48128K), 6 survivors (6144K)
 Metaspace       used 103737K, capacity 106285K, committed 106288K, reserved 1140736K
  class space    used 13267K, capacity 14205K, committed 14208K, reserved 1048576K
}
Event: 43.936 GC heap after
{Heap after GC invocations=97 (full 0):
 garbage-first heap   total 258048K, used 160396K [0x0000000080000000, 0x0000000100000000)
  region size 1024K, 2 young (2048K), 2 survivors (2048K)
 Metaspace       used 103737K, capacity 106285K, committed 106288K, reserved 1140736K
  class space    used 13267K, capacity 14205K, committed 14208K, reserved 1048576K
}
Event: 44.956 GC heap before
{Heap before GC invocations=98 (full 0):
 garbage-first heap   total 258048K, used 204428K [0x0000000080000000, 0x0000000100000000)
  region size 1024K, 45 young (46080K), 2 survivors (2048K)
 Metaspace       used 106938K, capacity 109513K, committed 109616K, reserved 1144832K
  class space    used 13670K, capacity 14619K, committed 14720K, reserved 1048576K
}
Event: 44.964 GC heap after
{Heap after GC invocations=99 (full 0):
 garbage-first heap   total 258048K, used 161543K [0x0000000080000000, 0x0000000100000000)
  region size 1024K, 4 young (4096K), 4 survivors (4096K)
 Metaspace       used 106938K, capacity 109513K, committed 109616K, reserved 1144832K
  class space    used 13670K, capacity 14619K, committed 14720K, reserved 1048576K
}
Event: 46.327 GC heap before
{Heap before GC invocations=99 (full 0):
 garbage-first heap   total 258048K, used 205575K [0x0000000080000000, 0x0000000100000000)
  region size 1024K, 48 young (49152K), 4 survivors (4096K)
 Metaspace       used 109284K, capacity 111869K, committed 112176K, reserved 1146880K
  class space    used 13951K, capacity 14889K, committed 14976K, reserved 1048576K
}
Event: 46.341 GC heap after
{Heap after GC invocations=100 (full 0):
 garbage-first heap   total 258048K, used 164936K [0x0000000080000000, 0x0000000100000000)
  region size 1024K, 6 young (6144K), 6 survivors (6144K)
 Metaspace       used 109284K, capacity 111869K, committed 112176K, reserved 1146880K
  class space    used 13951K, capacity 14889K, committed 14976K, reserved 1048576K
}
Event: 46.966 GC heap before
{Heap before GC invocations=101 (full 0):
 garbage-first heap   total 258048K, used 209992K [0x0000000080000000, 0x0000000100000000)
  region size 1024K, 50 young (51200K), 6 survivors (6144K)
 Metaspace       used 110336K, capacity 112938K, committed 113072K, reserved 1146880K
  class space    used 14084K, capacity 15032K, committed 15104K, reserved 1048576K
}
Event: 46.982 GC heap after
{Heap after GC invocations=102 (full 0):
 garbage-first heap   total 258048K, used 166765K [0x0000000080000000, 0x0000000100000000)
  region size 1024K, 6 young (6144K), 6 survivors (6144K)
 Metaspace       used 110336K, capacity 112938K, committed 113072K, reserved 1146880K
  class space    used 14084K, capacity 15032K, committed 15104K, reserved 1048576K
}
Event: 78.310 GC heap before
{Heap before GC invocations=102 (full 0):
 garbage-first heap   total 258048K, used 211821K [0x0000000080000000, 0x0000000100000000)
  region size 1024K, 50 young (51200K), 6 survivors (6144K)
 Metaspace       used 111747K, capacity 114514K, committed 114736K, reserved 1148928K
  class space    used 14227K, capacity 15199K, committed 15232K, reserved 1048576K
}
Event: 78.352 GC heap after
{Heap after GC invocations=103 (full 0):
 garbage-first heap   total 258048K, used 171115K [0x0000000080000000, 0x0000000100000000)
  region size 1024K, 6 young (6144K), 6 survivors (6144K)
 Metaspace       used 111747K, capacity 114514K, committed 114736K, reserved 1148928K
  class space    used 14227K, capacity 15199K, committed 15232K, reserved 1048576K
}

